2021/12/07 18:08:17 [error] [exception.ParseError] ParseError: syntax error, unexpected 'DEFINE' (T_STRING), expecting function (T_FUNCTION) or const (T_CONST) in C:\xampp\htdocs\yii\custom_blog\protected\models\User.php:59
Stack trace:
#0 [internal function]: YiiBase::autoload('User')
#1 C:\xampp\htdocs\yii\custom_blog\protected\components\UserIdentity.php(21): spl_autoload_call('User')
#2 C:\xampp\htdocs\yii\custom_blog\protected\models\LoginForm.php(54): UserIdentity->authenticate()
#3 C:\xampp\htdocs\yii\framework\validators\CInlineValidator.php(42): LoginForm->authenticate('password', Array)
#4 C:\xampp\htdocs\yii\framework\validators\CValidator.php(201): CInlineValidator->validateAttribute(Object(LoginForm), 'password')
#5 C:\xampp\htdocs\yii\framework\base\CModel.php(159): CValidator->validate(Object(LoginForm), Array)
#6 C:\xampp\htdocs\yii\custom_blog\protected\controllers\SiteController.php(94): CModel->validate()
#7 C:\xampp\htdocs\yii\framework\web\actions\CInlineAction.php(49): SiteController->actionLogin()
#8 C:\xampp\htdocs\yii\framework\web\CController.php(308): CInlineAction->runWithParams(Array)
#9 C:\xampp\htdocs\yii\framework\web\CController.php(286): CController->runAction(Object(CInlineAction))
#10 C:\xampp\htdocs\yii\framework\web\CController.php(265): CController->runActionWithFilters(Object(CInlineAction), Array)
#11 C:\xampp\htdocs\yii\framework\web\CWebApplication.php(282): CController->run('login')
#12 C:\xampp\htdocs\yii\framework\web\CWebApplication.php(141): CWebApplication->runController('site/login')
#13 C:\xampp\htdocs\yii\framework\base\CApplication.php(185): CWebApplication->processRequest()
#14 C:\xampp\htdocs\yii\custom_blog\index.php(13): CApplication->run()
#15 {main}
REQUEST_URI=/yii/custom_blog/index.php/site/login
HTTP_REFERER=http://localhost/yii/custom_blog/index.php/site/login
---
2021/12/07 18:17:17 [error] [exception.CException] CException: Property "User.ID" is not defined. in C:\xampp\htdocs\yii\framework\base\CComponent.php:130
Stack trace:
#0 C:\xampp\htdocs\yii\framework\db\ar\CActiveRecord.php(145): CComponent->__get('ID')
#1 C:\xampp\htdocs\yii\custom_blog\protected\controllers\UserController.php(75): CActiveRecord->__get('ID')
#2 C:\xampp\htdocs\yii\framework\web\actions\CInlineAction.php(49): UserController->actionCreate()
#3 C:\xampp\htdocs\yii\framework\web\CController.php(308): CInlineAction->runWithParams(Array)
#4 C:\xampp\htdocs\yii\framework\web\CController.php(286): CController->runAction(Object(CInlineAction))
#5 C:\xampp\htdocs\yii\framework\web\CController.php(265): CController->runActionWithFilters(Object(CInlineAction), Array)
#6 C:\xampp\htdocs\yii\framework\web\CWebApplication.php(282): CController->run('create')
#7 C:\xampp\htdocs\yii\framework\web\CWebApplication.php(141): CWebApplication->runController('user/create')
#8 C:\xampp\htdocs\yii\framework\base\CApplication.php(185): CWebApplication->processRequest()
#9 C:\xampp\htdocs\yii\custom_blog\index.php(13): CApplication->run()
#10 {main}
REQUEST_URI=/yii/custom_blog/index.php/user/create
HTTP_REFERER=http://localhost/yii/custom_blog/index.php/user/create
---
2021/12/07 18:25:08 [error] [exception.Error] Error: Call to undefined function ver_dump() in C:\xampp\htdocs\yii\custom_blog\protected\components\UserIdentity.php:22
Stack trace:
#0 C:\xampp\htdocs\yii\custom_blog\protected\models\LoginForm.php(54): UserIdentity->authenticate()
#1 C:\xampp\htdocs\yii\framework\validators\CInlineValidator.php(42): LoginForm->authenticate('password', Array)
#2 C:\xampp\htdocs\yii\framework\validators\CValidator.php(201): CInlineValidator->validateAttribute(Object(LoginForm), 'password')
#3 C:\xampp\htdocs\yii\framework\base\CModel.php(159): CValidator->validate(Object(LoginForm), Array)
#4 C:\xampp\htdocs\yii\custom_blog\protected\controllers\SiteController.php(94): CModel->validate()
#5 C:\xampp\htdocs\yii\framework\web\actions\CInlineAction.php(49): SiteController->actionLogin()
#6 C:\xampp\htdocs\yii\framework\web\CController.php(308): CInlineAction->runWithParams(Array)
#7 C:\xampp\htdocs\yii\framework\web\CController.php(286): CController->runAction(Object(CInlineAction))
#8 C:\xampp\htdocs\yii\framework\web\CController.php(265): CController->runActionWithFilters(Object(CInlineAction), Array)
#9 C:\xampp\htdocs\yii\framework\web\CWebApplication.php(282): CController->run('login')
#10 C:\xampp\htdocs\yii\framework\web\CWebApplication.php(141): CWebApplication->runController('site/login')
#11 C:\xampp\htdocs\yii\framework\base\CApplication.php(185): CWebApplication->processRequest()
#12 C:\xampp\htdocs\yii\custom_blog\index.php(13): CApplication->run()
#13 {main}
REQUEST_URI=/yii/custom_blog/index.php/site/login
HTTP_REFERER=http://localhost/yii/custom_blog/index.php/site/login
---
2021/12/07 18:27:28 [error] [php] Constant SALT_LENGTH already defined (C:\xampp\htdocs\yii\custom_blog\protected\models\User.php:61)
Stack trace:
#0 C:\xampp\htdocs\yii\custom_blog\protected\models\User.php(61): define()
#1 C:\xampp\htdocs\yii\custom_blog\protected\models\User.php(53): User->hashPassword()
#2 C:\xampp\htdocs\yii\custom_blog\protected\components\UserIdentity.php(26): User->validatePassword()
#3 C:\xampp\htdocs\yii\custom_blog\protected\models\LoginForm.php(54): UserIdentity->authenticate()
#4 C:\xampp\htdocs\yii\framework\validators\CInlineValidator.php(42): LoginForm->authenticate()
#5 C:\xampp\htdocs\yii\framework\validators\CValidator.php(201): CInlineValidator->validateAttribute()
#6 C:\xampp\htdocs\yii\framework\base\CModel.php(159): CInlineValidator->validate()
#7 C:\xampp\htdocs\yii\custom_blog\protected\controllers\SiteController.php(94): LoginForm->validate()
#8 C:\xampp\htdocs\yii\framework\web\actions\CInlineAction.php(49): SiteController->actionLogin()
#9 C:\xampp\htdocs\yii\framework\web\CController.php(308): CInlineAction->runWithParams()
#10 C:\xampp\htdocs\yii\framework\web\CController.php(286): SiteController->runAction()
#11 C:\xampp\htdocs\yii\framework\web\CController.php(265): SiteController->runActionWithFilters()
#12 C:\xampp\htdocs\yii\framework\web\CWebApplication.php(282): SiteController->run()
#13 C:\xampp\htdocs\yii\framework\web\CWebApplication.php(141): CWebApplication->runController()
#14 C:\xampp\htdocs\yii\framework\base\CApplication.php(185): CWebApplication->processRequest()
#15 C:\xampp\htdocs\yii\custom_blog\index.php(13): CWebApplication->run()
REQUEST_URI=/yii/custom_blog/index.php/site/login
in C:\xampp\htdocs\yii\custom_blog\protected\models\User.php (61)
in C:\xampp\htdocs\yii\custom_blog\protected\models\User.php (53)
in C:\xampp\htdocs\yii\custom_blog\protected\components\UserIdentity.php (26)
2021/12/07 18:28:48 [error] [exception.ParseError] ParseError: syntax error, unexpected 'DEFINE' (T_STRING), expecting function (T_FUNCTION) or const (T_CONST) in C:\xampp\htdocs\yii\custom_blog\protected\models\User.php:58
Stack trace:
#0 [internal function]: YiiBase::autoload('User')
#1 C:\xampp\htdocs\yii\custom_blog\protected\components\UserIdentity.php(21): spl_autoload_call('User')
#2 C:\xampp\htdocs\yii\custom_blog\protected\models\LoginForm.php(54): UserIdentity->authenticate()
#3 C:\xampp\htdocs\yii\framework\validators\CInlineValidator.php(42): LoginForm->authenticate('password', Array)
#4 C:\xampp\htdocs\yii\framework\validators\CValidator.php(201): CInlineValidator->validateAttribute(Object(LoginForm), 'password')
#5 C:\xampp\htdocs\yii\framework\base\CModel.php(159): CValidator->validate(Object(LoginForm), Array)
#6 C:\xampp\htdocs\yii\custom_blog\protected\controllers\SiteController.php(94): CModel->validate()
#7 C:\xampp\htdocs\yii\framework\web\actions\CInlineAction.php(49): SiteController->actionLogin()
#8 C:\xampp\htdocs\yii\framework\web\CController.php(308): CInlineAction->runWithParams(Array)
#9 C:\xampp\htdocs\yii\framework\web\CController.php(286): CController->runAction(Object(CInlineAction))
#10 C:\xampp\htdocs\yii\framework\web\CController.php(265): CController->runActionWithFilters(Object(CInlineAction), Array)
#11 C:\xampp\htdocs\yii\framework\web\CWebApplication.php(282): CController->run('login')
#12 C:\xampp\htdocs\yii\framework\web\CWebApplication.php(141): CWebApplication->runController('site/login')
#13 C:\xampp\htdocs\yii\framework\base\CApplication.php(185): CWebApplication->processRequest()
#14 C:\xampp\htdocs\yii\custom_blog\index.php(13): CApplication->run()
#15 {main}
REQUEST_URI=/yii/custom_blog/index.php/site/login
HTTP_REFERER=http://localhost/yii/custom_blog/index.php/site/login
---
2021/12/09 18:54:00 [warning] [application] Failed to set unsafe attribute "banner" of "Categories".
in C:\xampp\htdocs\yii\custom_blog\protected\controllers\CategoriesController.php (72)
in C:\xampp\htdocs\yii\custom_blog\index.php (13)
2021/12/09 18:54:00 [error] [php] move_uploaded_file(): The second argument to copy() function cannot be a directory (C:\xampp\htdocs\yii\custom_blog\framework\web\CUploadedFile.php:201)
Stack trace:
#0 C:\xampp\htdocs\yii\custom_blog\framework\web\CUploadedFile.php(201): move_uploaded_file()
#1 C:\xampp\htdocs\yii\custom_blog\protected\controllers\CategoriesController.php(76): CUploadedFile->saveAs()
#2 C:\xampp\htdocs\yii\custom_blog\framework\web\actions\CInlineAction.php(49): CategoriesController->actionCreate()
#3 C:\xampp\htdocs\yii\custom_blog\framework\web\CController.php(308): CInlineAction->runWithParams()
#4 C:\xampp\htdocs\yii\custom_blog\framework\web\filters\CFilterChain.php(134): CategoriesController->runAction()
#5 C:\xampp\htdocs\yii\custom_blog\framework\web\filters\CFilter.php(40): CFilterChain->run()
#6 C:\xampp\htdocs\yii\custom_blog\framework\web\CController.php(1148): CAccessControlFilter->filter()
#7 C:\xampp\htdocs\yii\custom_blog\framework\web\filters\CInlineFilter.php(58): CategoriesController->filterAccessControl()
#8 C:\xampp\htdocs\yii\custom_blog\framework\web\filters\CFilterChain.php(131): CInlineFilter->filter()
#9 C:\xampp\htdocs\yii\custom_blog\framework\web\CController.php(291): CFilterChain->run()
#10 C:\xampp\htdocs\yii\custom_blog\framework\web\CController.php(265): CategoriesController->runActionWithFilters()
#11 C:\xampp\htdocs\yii\custom_blog\framework\web\CWebApplication.php(282): CategoriesController->run()
#12 C:\xampp\htdocs\yii\custom_blog\framework\web\CWebApplication.php(141): CWebApplication->runController()
#13 C:\xampp\htdocs\yii\custom_blog\framework\base\CApplication.php(185): CWebApplication->processRequest()
#14 C:\xampp\htdocs\yii\custom_blog\index.php(13): CWebApplication->run()
REQUEST_URI=/yii/custom_blog/index.php/categories/create
in C:\xampp\htdocs\yii\custom_blog\protected\controllers\CategoriesController.php (76)
in C:\xampp\htdocs\yii\custom_blog\index.php (13)
2021/12/09 18:55:13 [warning] [application] Failed to set unsafe attribute "banner" of "Categories".
in C:\xampp\htdocs\yii\custom_blog\protected\controllers\CategoriesController.php (72)
in C:\xampp\htdocs\yii\custom_blog\index.php (13)
2021/12/09 18:55:13 [error] [system.db.CDbCommand] CDbCommand::execute() failed: SQLSTATE[23000]: Integrity constraint violation: 1062 Duplicate entry 'tutorial.com' for key 'categories_url_unique'. The SQL statement executed was: INSERT INTO `categories` (`name`, `description`, `url`, `created_at`, `status`, `banner`) VALUES (:yp0, :yp1, :yp2, :yp3, :yp4, :yp5).
in C:\xampp\htdocs\yii\custom_blog\protected\controllers\CategoriesController.php (74)
in C:\xampp\htdocs\yii\custom_blog\index.php (13)
2021/12/09 18:55:13 [error] [exception.CDbException] CDbException: CDbCommand failed to execute the SQL statement: SQLSTATE[23000]: Integrity constraint violation: 1062 Duplicate entry 'tutorial.com' for key 'categories_url_unique'. The SQL statement executed was: INSERT INTO `categories` (`name`, `description`, `url`, `created_at`, `status`, `banner`) VALUES (:yp0, :yp1, :yp2, :yp3, :yp4, :yp5) in C:\xampp\htdocs\yii\custom_blog\framework\db\CDbCommand.php:358
Stack trace:
#0 C:\xampp\htdocs\yii\custom_blog\framework\db\ar\CActiveRecord.php(1083): CDbCommand->execute()
#1 C:\xampp\htdocs\yii\custom_blog\framework\db\ar\CActiveRecord.php(811): CActiveRecord->insert(NULL)
#2 C:\xampp\htdocs\yii\custom_blog\protected\controllers\CategoriesController.php(74): CActiveRecord->save()
#3 C:\xampp\htdocs\yii\custom_blog\framework\web\actions\CInlineAction.php(49): CategoriesController->actionCreate()
#4 C:\xampp\htdocs\yii\custom_blog\framework\web\CController.php(308): CInlineAction->runWithParams(Array)
#5 C:\xampp\htdocs\yii\custom_blog\framework\web\filters\CFilterChain.php(134): CController->runAction(Object(CInlineAction))
#6 C:\xampp\htdocs\yii\custom_blog\framework\web\filters\CFilter.php(40): CFilterChain->run()
#7 C:\xampp\htdocs\yii\custom_blog\framework\web\CController.php(1148): CFilter->filter(Object(CFilterChain))
#8 C:\xampp\htdocs\yii\custom_blog\framework\web\filters\CInlineFilter.php(58): CController->filterAccessControl(Object(CFilterChain))
#9 C:\xampp\htdocs\yii\custom_blog\framework\web\filters\CFilterChain.php(131): CInlineFilter->filter(Object(CFilterChain))
#10 C:\xampp\htdocs\yii\custom_blog\framework\web\CController.php(291): CFilterChain->run()
#11 C:\xampp\htdocs\yii\custom_blog\framework\web\CController.php(265): CController->runActionWithFilters(Object(CInlineAction), Array)
#12 C:\xampp\htdocs\yii\custom_blog\framework\web\CWebApplication.php(282): CController->run('create')
#13 C:\xampp\htdocs\yii\custom_blog\framework\web\CWebApplication.php(141): CWebApplication->runController('categories/crea...')
#14 C:\xampp\htdocs\yii\custom_blog\framework\base\CApplication.php(185): CWebApplication->processRequest()
#15 C:\xampp\htdocs\yii\custom_blog\index.php(13): CApplication->run()
#16 {main}
REQUEST_URI=/yii/custom_blog/index.php/categories/create
HTTP_REFERER=http://localhost/yii/custom_blog/index.php/categories/create
---
2021/12/09 18:57:14 [warning] [application] Failed to set unsafe attribute "banner" of "Categories".
in C:\xampp\htdocs\yii\custom_blog\protected\controllers\CategoriesController.php (72)
in C:\xampp\htdocs\yii\custom_blog\index.php (13)
2021/12/09 18:57:14 [error] [php] move_uploaded_file(../images/upload/categories): failed to open stream: No such file or directory (C:\xampp\htdocs\yii\custom_blog\framework\web\CUploadedFile.php:201)
Stack trace:
#0 C:\xampp\htdocs\yii\custom_blog\framework\web\CUploadedFile.php(201): move_uploaded_file()
#1 C:\xampp\htdocs\yii\custom_blog\protected\controllers\CategoriesController.php(76): CUploadedFile->saveAs()
#2 C:\xampp\htdocs\yii\custom_blog\framework\web\actions\CInlineAction.php(49): CategoriesController->actionCreate()
#3 C:\xampp\htdocs\yii\custom_blog\framework\web\CController.php(308): CInlineAction->runWithParams()
#4 C:\xampp\htdocs\yii\custom_blog\framework\web\filters\CFilterChain.php(134): CategoriesController->runAction()
#5 C:\xampp\htdocs\yii\custom_blog\framework\web\filters\CFilter.php(40): CFilterChain->run()
#6 C:\xampp\htdocs\yii\custom_blog\framework\web\CController.php(1148): CAccessControlFilter->filter()
#7 C:\xampp\htdocs\yii\custom_blog\framework\web\filters\CInlineFilter.php(58): CategoriesController->filterAccessControl()
#8 C:\xampp\htdocs\yii\custom_blog\framework\web\filters\CFilterChain.php(131): CInlineFilter->filter()
#9 C:\xampp\htdocs\yii\custom_blog\framework\web\CController.php(291): CFilterChain->run()
#10 C:\xampp\htdocs\yii\custom_blog\framework\web\CController.php(265): CategoriesController->runActionWithFilters()
#11 C:\xampp\htdocs\yii\custom_blog\framework\web\CWebApplication.php(282): CategoriesController->run()
#12 C:\xampp\htdocs\yii\custom_blog\framework\web\CWebApplication.php(141): CWebApplication->runController()
#13 C:\xampp\htdocs\yii\custom_blog\framework\base\CApplication.php(185): CWebApplication->processRequest()
#14 C:\xampp\htdocs\yii\custom_blog\index.php(13): CWebApplication->run()
REQUEST_URI=/yii/custom_blog/index.php/categories/create
in C:\xampp\htdocs\yii\custom_blog\protected\controllers\CategoriesController.php (76)
in C:\xampp\htdocs\yii\custom_blog\index.php (13)
2021/12/09 18:58:20 [warning] [application] Failed to set unsafe attribute "banner" of "Categories".
in C:\xampp\htdocs\yii\custom_blog\protected\controllers\CategoriesController.php (72)
in C:\xampp\htdocs\yii\custom_blog\index.php (13)
2021/12/09 18:58:20 [error] [php] move_uploaded_file(../../images/upload/categories): failed to open stream: No such file or directory (C:\xampp\htdocs\yii\custom_blog\framework\web\CUploadedFile.php:201)
Stack trace:
#0 C:\xampp\htdocs\yii\custom_blog\framework\web\CUploadedFile.php(201): move_uploaded_file()
#1 C:\xampp\htdocs\yii\custom_blog\protected\controllers\CategoriesController.php(76): CUploadedFile->saveAs()
#2 C:\xampp\htdocs\yii\custom_blog\framework\web\actions\CInlineAction.php(49): CategoriesController->actionCreate()
#3 C:\xampp\htdocs\yii\custom_blog\framework\web\CController.php(308): CInlineAction->runWithParams()
#4 C:\xampp\htdocs\yii\custom_blog\framework\web\filters\CFilterChain.php(134): CategoriesController->runAction()
#5 C:\xampp\htdocs\yii\custom_blog\framework\web\filters\CFilter.php(40): CFilterChain->run()
#6 C:\xampp\htdocs\yii\custom_blog\framework\web\CController.php(1148): CAccessControlFilter->filter()
#7 C:\xampp\htdocs\yii\custom_blog\framework\web\filters\CInlineFilter.php(58): CategoriesController->filterAccessControl()
#8 C:\xampp\htdocs\yii\custom_blog\framework\web\filters\CFilterChain.php(131): CInlineFilter->filter()
#9 C:\xampp\htdocs\yii\custom_blog\framework\web\CController.php(291): CFilterChain->run()
#10 C:\xampp\htdocs\yii\custom_blog\framework\web\CController.php(265): CategoriesController->runActionWithFilters()
#11 C:\xampp\htdocs\yii\custom_blog\framework\web\CWebApplication.php(282): CategoriesController->run()
#12 C:\xampp\htdocs\yii\custom_blog\framework\web\CWebApplication.php(141): CWebApplication->runController()
#13 C:\xampp\htdocs\yii\custom_blog\framework\base\CApplication.php(185): CWebApplication->processRequest()
#14 C:\xampp\htdocs\yii\custom_blog\index.php(13): CWebApplication->run()
REQUEST_URI=/yii/custom_blog/index.php/categories/create
in C:\xampp\htdocs\yii\custom_blog\protected\controllers\CategoriesController.php (76)
in C:\xampp\htdocs\yii\custom_blog\index.php (13)
2021/12/09 19:00:46 [warning] [application] Failed to set unsafe attribute "banner" of "Categories".
in C:\xampp\htdocs\yii\custom_blog\protected\controllers\CategoriesController.php (72)
in C:\xampp\htdocs\yii\custom_blog\index.php (13)
2021/12/09 19:00:46 [error] [system.db.CDbCommand] CDbCommand::execute() failed: SQLSTATE[23000]: Integrity constraint violation: 1062 Duplicate entry 'yii.com' for key 'categories_url_unique'. The SQL statement executed was: INSERT INTO `categories` (`name`, `description`, `url`, `created_at`, `status`, `banner`) VALUES (:yp0, :yp1, :yp2, :yp3, :yp4, :yp5).
in C:\xampp\htdocs\yii\custom_blog\protected\controllers\CategoriesController.php (74)
in C:\xampp\htdocs\yii\custom_blog\index.php (13)
2021/12/09 19:00:46 [error] [exception.CDbException] CDbException: CDbCommand failed to execute the SQL statement: SQLSTATE[23000]: Integrity constraint violation: 1062 Duplicate entry 'yii.com' for key 'categories_url_unique'. The SQL statement executed was: INSERT INTO `categories` (`name`, `description`, `url`, `created_at`, `status`, `banner`) VALUES (:yp0, :yp1, :yp2, :yp3, :yp4, :yp5) in C:\xampp\htdocs\yii\custom_blog\framework\db\CDbCommand.php:358
Stack trace:
#0 C:\xampp\htdocs\yii\custom_blog\framework\db\ar\CActiveRecord.php(1083): CDbCommand->execute()
#1 C:\xampp\htdocs\yii\custom_blog\framework\db\ar\CActiveRecord.php(811): CActiveRecord->insert(NULL)
#2 C:\xampp\htdocs\yii\custom_blog\protected\controllers\CategoriesController.php(74): CActiveRecord->save()
#3 C:\xampp\htdocs\yii\custom_blog\framework\web\actions\CInlineAction.php(49): CategoriesController->actionCreate()
#4 C:\xampp\htdocs\yii\custom_blog\framework\web\CController.php(308): CInlineAction->runWithParams(Array)
#5 C:\xampp\htdocs\yii\custom_blog\framework\web\filters\CFilterChain.php(134): CController->runAction(Object(CInlineAction))
#6 C:\xampp\htdocs\yii\custom_blog\framework\web\filters\CFilter.php(40): CFilterChain->run()
#7 C:\xampp\htdocs\yii\custom_blog\framework\web\CController.php(1148): CFilter->filter(Object(CFilterChain))
#8 C:\xampp\htdocs\yii\custom_blog\framework\web\filters\CInlineFilter.php(58): CController->filterAccessControl(Object(CFilterChain))
#9 C:\xampp\htdocs\yii\custom_blog\framework\web\filters\CFilterChain.php(131): CInlineFilter->filter(Object(CFilterChain))
#10 C:\xampp\htdocs\yii\custom_blog\framework\web\CController.php(291): CFilterChain->run()
#11 C:\xampp\htdocs\yii\custom_blog\framework\web\CController.php(265): CController->runActionWithFilters(Object(CInlineAction), Array)
#12 C:\xampp\htdocs\yii\custom_blog\framework\web\CWebApplication.php(282): CController->run('create')
#13 C:\xampp\htdocs\yii\custom_blog\framework\web\CWebApplication.php(141): CWebApplication->runController('categories/crea...')
#14 C:\xampp\htdocs\yii\custom_blog\framework\base\CApplication.php(185): CWebApplication->processRequest()
#15 C:\xampp\htdocs\yii\custom_blog\index.php(13): CApplication->run()
#16 {main}
REQUEST_URI=/yii/custom_blog/index.php/categories/create
HTTP_REFERER=http://localhost/yii/custom_blog/index.php/categories/create
---
2021/12/09 19:01:01 [warning] [application] Failed to set unsafe attribute "banner" of "Categories".
in C:\xampp\htdocs\yii\custom_blog\protected\controllers\CategoriesController.php (72)
in C:\xampp\htdocs\yii\custom_blog\index.php (13)
2021/12/09 19:01:01 [error] [php] move_uploaded_file(): The second argument to copy() function cannot be a directory (C:\xampp\htdocs\yii\custom_blog\framework\web\CUploadedFile.php:201)
Stack trace:
#0 C:\xampp\htdocs\yii\custom_blog\framework\web\CUploadedFile.php(201): move_uploaded_file()
#1 C:\xampp\htdocs\yii\custom_blog\protected\controllers\CategoriesController.php(76): CUploadedFile->saveAs()
#2 C:\xampp\htdocs\yii\custom_blog\framework\web\actions\CInlineAction.php(49): CategoriesController->actionCreate()
#3 C:\xampp\htdocs\yii\custom_blog\framework\web\CController.php(308): CInlineAction->runWithParams()
#4 C:\xampp\htdocs\yii\custom_blog\framework\web\filters\CFilterChain.php(134): CategoriesController->runAction()
#5 C:\xampp\htdocs\yii\custom_blog\framework\web\filters\CFilter.php(40): CFilterChain->run()
#6 C:\xampp\htdocs\yii\custom_blog\framework\web\CController.php(1148): CAccessControlFilter->filter()
#7 C:\xampp\htdocs\yii\custom_blog\framework\web\filters\CInlineFilter.php(58): CategoriesController->filterAccessControl()
#8 C:\xampp\htdocs\yii\custom_blog\framework\web\filters\CFilterChain.php(131): CInlineFilter->filter()
#9 C:\xampp\htdocs\yii\custom_blog\framework\web\CController.php(291): CFilterChain->run()
#10 C:\xampp\htdocs\yii\custom_blog\framework\web\CController.php(265): CategoriesController->runActionWithFilters()
#11 C:\xampp\htdocs\yii\custom_blog\framework\web\CWebApplication.php(282): CategoriesController->run()
#12 C:\xampp\htdocs\yii\custom_blog\framework\web\CWebApplication.php(141): CWebApplication->runController()
#13 C:\xampp\htdocs\yii\custom_blog\framework\base\CApplication.php(185): CWebApplication->processRequest()
#14 C:\xampp\htdocs\yii\custom_blog\index.php(13): CWebApplication->run()
REQUEST_URI=/yii/custom_blog/index.php/categories/create
in C:\xampp\htdocs\yii\custom_blog\protected\controllers\CategoriesController.php (76)
in C:\xampp\htdocs\yii\custom_blog\index.php (13)
2021/12/09 19:02:33 [warning] [application] Failed to set unsafe attribute "banner" of "Categories".
in C:\xampp\htdocs\yii\custom_blog\protected\controllers\CategoriesController.php (72)
in C:\xampp\htdocs\yii\custom_blog\index.php (13)
2021/12/09 19:02:33 [error] [php] move_uploaded_file(): The second argument to copy() function cannot be a directory (C:\xampp\htdocs\yii\custom_blog\framework\web\CUploadedFile.php:201)
Stack trace:
#0 C:\xampp\htdocs\yii\custom_blog\framework\web\CUploadedFile.php(201): move_uploaded_file()
#1 C:\xampp\htdocs\yii\custom_blog\protected\controllers\CategoriesController.php(76): CUploadedFile->saveAs()
#2 C:\xampp\htdocs\yii\custom_blog\framework\web\actions\CInlineAction.php(49): CategoriesController->actionCreate()
#3 C:\xampp\htdocs\yii\custom_blog\framework\web\CController.php(308): CInlineAction->runWithParams()
#4 C:\xampp\htdocs\yii\custom_blog\framework\web\filters\CFilterChain.php(134): CategoriesController->runAction()
#5 C:\xampp\htdocs\yii\custom_blog\framework\web\filters\CFilter.php(40): CFilterChain->run()
#6 C:\xampp\htdocs\yii\custom_blog\framework\web\CController.php(1148): CAccessControlFilter->filter()
#7 C:\xampp\htdocs\yii\custom_blog\framework\web\filters\CInlineFilter.php(58): CategoriesController->filterAccessControl()
#8 C:\xampp\htdocs\yii\custom_blog\framework\web\filters\CFilterChain.php(131): CInlineFilter->filter()
#9 C:\xampp\htdocs\yii\custom_blog\framework\web\CController.php(291): CFilterChain->run()
#10 C:\xampp\htdocs\yii\custom_blog\framework\web\CController.php(265): CategoriesController->runActionWithFilters()
#11 C:\xampp\htdocs\yii\custom_blog\framework\web\CWebApplication.php(282): CategoriesController->run()
#12 C:\xampp\htdocs\yii\custom_blog\framework\web\CWebApplication.php(141): CWebApplication->runController()
#13 C:\xampp\htdocs\yii\custom_blog\framework\base\CApplication.php(185): CWebApplication->processRequest()
#14 C:\xampp\htdocs\yii\custom_blog\index.php(13): CWebApplication->run()
REQUEST_URI=/yii/custom_blog/index.php/categories/create
in C:\xampp\htdocs\yii\custom_blog\protected\controllers\CategoriesController.php (76)
in C:\xampp\htdocs\yii\custom_blog\index.php (13)
2021/12/09 19:03:59 [warning] [application] Failed to set unsafe attribute "banner" of "Categories".
in C:\xampp\htdocs\yii\custom_blog\protected\controllers\CategoriesController.php (72)
in C:\xampp\htdocs\yii\custom_blog\index.php (13)
2021/12/09 19:04:23 [warning] [application] Failed to set unsafe attribute "banner" of "Categories".
in C:\xampp\htdocs\yii\custom_blog\protected\controllers\CategoriesController.php (72)
in C:\xampp\htdocs\yii\custom_blog\index.php (13)
2021/12/09 19:04:49 [warning] [application] Failed to set unsafe attribute "banner" of "Categories".
in C:\xampp\htdocs\yii\custom_blog\protected\controllers\CategoriesController.php (72)
in C:\xampp\htdocs\yii\custom_blog\index.php (13)
2021/12/09 19:04:49 [error] [php] move_uploaded_file(): The second argument to copy() function cannot be a directory (C:\xampp\htdocs\yii\custom_blog\framework\web\CUploadedFile.php:201)
Stack trace:
#0 C:\xampp\htdocs\yii\custom_blog\framework\web\CUploadedFile.php(201): move_uploaded_file()
#1 C:\xampp\htdocs\yii\custom_blog\protected\controllers\CategoriesController.php(78): CUploadedFile->saveAs()
#2 C:\xampp\htdocs\yii\custom_blog\framework\web\actions\CInlineAction.php(49): CategoriesController->actionCreate()
#3 C:\xampp\htdocs\yii\custom_blog\framework\web\CController.php(308): CInlineAction->runWithParams()
#4 C:\xampp\htdocs\yii\custom_blog\framework\web\filters\CFilterChain.php(134): CategoriesController->runAction()
#5 C:\xampp\htdocs\yii\custom_blog\framework\web\filters\CFilter.php(40): CFilterChain->run()
#6 C:\xampp\htdocs\yii\custom_blog\framework\web\CController.php(1148): CAccessControlFilter->filter()
#7 C:\xampp\htdocs\yii\custom_blog\framework\web\filters\CInlineFilter.php(58): CategoriesController->filterAccessControl()
#8 C:\xampp\htdocs\yii\custom_blog\framework\web\filters\CFilterChain.php(131): CInlineFilter->filter()
#9 C:\xampp\htdocs\yii\custom_blog\framework\web\CController.php(291): CFilterChain->run()
#10 C:\xampp\htdocs\yii\custom_blog\framework\web\CController.php(265): CategoriesController->runActionWithFilters()
#11 C:\xampp\htdocs\yii\custom_blog\framework\web\CWebApplication.php(282): CategoriesController->run()
#12 C:\xampp\htdocs\yii\custom_blog\framework\web\CWebApplication.php(141): CWebApplication->runController()
#13 C:\xampp\htdocs\yii\custom_blog\framework\base\CApplication.php(185): CWebApplication->processRequest()
#14 C:\xampp\htdocs\yii\custom_blog\index.php(13): CWebApplication->run()
REQUEST_URI=/yii/custom_blog/index.php/categories/create
in C:\xampp\htdocs\yii\custom_blog\protected\controllers\CategoriesController.php (78)
in C:\xampp\htdocs\yii\custom_blog\index.php (13)
2021/12/09 19:06:21 [warning] [application] Failed to set unsafe attribute "banner" of "Categories".
in C:\xampp\htdocs\yii\custom_blog\protected\controllers\CategoriesController.php (72)
in C:\xampp\htdocs\yii\custom_blog\index.php (13)
2021/12/09 19:06:40 [warning] [application] Failed to set unsafe attribute "banner" of "Categories".
in C:\xampp\htdocs\yii\custom_blog\protected\controllers\CategoriesController.php (72)
in C:\xampp\htdocs\yii\custom_blog\index.php (13)
2021/12/09 19:14:25 [warning] [application] Failed to set unsafe attribute "banner" of "Categories".
in C:\xampp\htdocs\yii\custom_blog\protected\controllers\CategoriesController.php (72)
in C:\xampp\htdocs\yii\custom_blog\index.php (13)
2021/12/09 19:14:25 [error] [php] move_uploaded_file(C:\xampp\htdocs\yii\custom_blog\protectedimages/upload/categories): failed to open stream: No such file or directory (C:\xampp\htdocs\yii\custom_blog\framework\web\CUploadedFile.php:201)
Stack trace:
#0 C:\xampp\htdocs\yii\custom_blog\framework\web\CUploadedFile.php(201): move_uploaded_file()
#1 C:\xampp\htdocs\yii\custom_blog\protected\controllers\CategoriesController.php(79): CUploadedFile->saveAs()
#2 C:\xampp\htdocs\yii\custom_blog\framework\web\actions\CInlineAction.php(49): CategoriesController->actionCreate()
#3 C:\xampp\htdocs\yii\custom_blog\framework\web\CController.php(308): CInlineAction->runWithParams()
#4 C:\xampp\htdocs\yii\custom_blog\framework\web\filters\CFilterChain.php(134): CategoriesController->runAction()
#5 C:\xampp\htdocs\yii\custom_blog\framework\web\filters\CFilter.php(40): CFilterChain->run()
#6 C:\xampp\htdocs\yii\custom_blog\framework\web\CController.php(1148): CAccessControlFilter->filter()
#7 C:\xampp\htdocs\yii\custom_blog\framework\web\filters\CInlineFilter.php(58): CategoriesController->filterAccessControl()
#8 C:\xampp\htdocs\yii\custom_blog\framework\web\filters\CFilterChain.php(131): CInlineFilter->filter()
#9 C:\xampp\htdocs\yii\custom_blog\framework\web\CController.php(291): CFilterChain->run()
#10 C:\xampp\htdocs\yii\custom_blog\framework\web\CController.php(265): CategoriesController->runActionWithFilters()
#11 C:\xampp\htdocs\yii\custom_blog\framework\web\CWebApplication.php(282): CategoriesController->run()
#12 C:\xampp\htdocs\yii\custom_blog\framework\web\CWebApplication.php(141): CWebApplication->runController()
#13 C:\xampp\htdocs\yii\custom_blog\framework\base\CApplication.php(185): CWebApplication->processRequest()
#14 C:\xampp\htdocs\yii\custom_blog\index.php(13): CWebApplication->run()
REQUEST_URI=/yii/custom_blog/index.php/categories/create
in C:\xampp\htdocs\yii\custom_blog\protected\controllers\CategoriesController.php (79)
in C:\xampp\htdocs\yii\custom_blog\index.php (13)
2021/12/09 19:15:31 [warning] [application] Failed to set unsafe attribute "banner" of "Categories".
in C:\xampp\htdocs\yii\custom_blog\protected\controllers\CategoriesController.php (72)
in C:\xampp\htdocs\yii\custom_blog\index.php (13)
2021/12/09 19:15:31 [error] [php] move_uploaded_file(): The second argument to copy() function cannot be a directory (C:\xampp\htdocs\yii\custom_blog\framework\web\CUploadedFile.php:201)
Stack trace:
#0 C:\xampp\htdocs\yii\custom_blog\framework\web\CUploadedFile.php(201): move_uploaded_file()
#1 C:\xampp\htdocs\yii\custom_blog\protected\controllers\CategoriesController.php(79): CUploadedFile->saveAs()
#2 C:\xampp\htdocs\yii\custom_blog\framework\web\actions\CInlineAction.php(49): CategoriesController->actionCreate()
#3 C:\xampp\htdocs\yii\custom_blog\framework\web\CController.php(308): CInlineAction->runWithParams()
#4 C:\xampp\htdocs\yii\custom_blog\framework\web\filters\CFilterChain.php(134): CategoriesController->runAction()
#5 C:\xampp\htdocs\yii\custom_blog\framework\web\filters\CFilter.php(40): CFilterChain->run()
#6 C:\xampp\htdocs\yii\custom_blog\framework\web\CController.php(1148): CAccessControlFilter->filter()
#7 C:\xampp\htdocs\yii\custom_blog\framework\web\filters\CInlineFilter.php(58): CategoriesController->filterAccessControl()
#8 C:\xampp\htdocs\yii\custom_blog\framework\web\filters\CFilterChain.php(131): CInlineFilter->filter()
#9 C:\xampp\htdocs\yii\custom_blog\framework\web\CController.php(291): CFilterChain->run()
#10 C:\xampp\htdocs\yii\custom_blog\framework\web\CController.php(265): CategoriesController->runActionWithFilters()
#11 C:\xampp\htdocs\yii\custom_blog\framework\web\CWebApplication.php(282): CategoriesController->run()
#12 C:\xampp\htdocs\yii\custom_blog\framework\web\CWebApplication.php(141): CWebApplication->runController()
#13 C:\xampp\htdocs\yii\custom_blog\framework\base\CApplication.php(185): CWebApplication->processRequest()
#14 C:\xampp\htdocs\yii\custom_blog\index.php(13): CWebApplication->run()
REQUEST_URI=/yii/custom_blog/index.php/categories/create
in C:\xampp\htdocs\yii\custom_blog\protected\controllers\CategoriesController.php (79)
in C:\xampp\htdocs\yii\custom_blog\index.php (13)
2021/12/09 19:16:33 [warning] [application] Failed to set unsafe attribute "banner" of "Categories".
in C:\xampp\htdocs\yii\custom_blog\protected\controllers\CategoriesController.php (72)
in C:\xampp\htdocs\yii\custom_blog\index.php (13)
2021/12/09 19:18:09 [warning] [application] Failed to set unsafe attribute "banner" of "Categories".
in C:\xampp\htdocs\yii\custom_blog\protected\controllers\CategoriesController.php (72)
in C:\xampp\htdocs\yii\custom_blog\index.php (13)
2021/12/09 19:21:40 [error] [exception.CHttpException.404] CHttpException: The system is unable to find the requested action "images". in C:\xampp\htdocs\yii\custom_blog\framework\web\CController.php:486
Stack trace:
#0 C:\xampp\htdocs\yii\custom_blog\framework\web\CController.php(270): CController->missingAction('images')
#1 C:\xampp\htdocs\yii\custom_blog\framework\web\CWebApplication.php(282): CController->run('images')
#2 C:\xampp\htdocs\yii\custom_blog\framework\web\CWebApplication.php(141): CWebApplication->runController('categories/imag...')
#3 C:\xampp\htdocs\yii\custom_blog\framework\base\CApplication.php(185): CWebApplication->processRequest()
#4 C:\xampp\htdocs\yii\custom_blog\index.php(13): CApplication->run()
#5 {main}
REQUEST_URI=/yii/custom_blog/index.php/categories/images/upload/categories/Coffee%20T-shirt.jpg
---
2021/12/09 19:40:55 [error] [exception.CHttpException.404] CHttpException: The system is unable to find the requested action "images". in C:\xampp\htdocs\yii\custom_blog\framework\web\CController.php:486
Stack trace:
#0 C:\xampp\htdocs\yii\custom_blog\framework\web\CController.php(270): CController->missingAction('images')
#1 C:\xampp\htdocs\yii\custom_blog\framework\web\CWebApplication.php(282): CController->run('images')
#2 C:\xampp\htdocs\yii\custom_blog\framework\web\CWebApplication.php(141): CWebApplication->runController('categories/imag...')
#3 C:\xampp\htdocs\yii\custom_blog\framework\base\CApplication.php(185): CWebApplication->processRequest()
#4 C:\xampp\htdocs\yii\custom_blog\index.php(13): CApplication->run()
#5 {main}
REQUEST_URI=/yii/custom_blog/index.php/categories/images/upload/categories/Coffee%20T-shirt.jpg
---
2021/12/09 19:49:09 [error] [php] Undefined variable: data (C:\xampp\htdocs\yii\custom_blog\protected\views\categories\view.php:30)
Stack trace:
#0 C:\xampp\htdocs\yii\custom_blog\framework\web\CBaseController.php(126): require()
#1 C:\xampp\htdocs\yii\custom_blog\framework\web\CBaseController.php(95): CategoriesController->renderInternal()
#2 C:\xampp\htdocs\yii\custom_blog\framework\web\CController.php(872): CategoriesController->renderFile()
#3 C:\xampp\htdocs\yii\custom_blog\framework\web\CController.php(785): CategoriesController->renderPartial()
#4 C:\xampp\htdocs\yii\custom_blog\protected\controllers\CategoriesController.php(55): CategoriesController->render()
#5 unknown(0): CategoriesController->actionView()
#6 C:\xampp\htdocs\yii\custom_blog\framework\web\actions\CAction.php(115): ReflectionMethod->invokeArgs()
#7 C:\xampp\htdocs\yii\custom_blog\framework\web\actions\CInlineAction.php(47): CInlineAction->runWithParamsInternal()
#8 C:\xampp\htdocs\yii\custom_blog\framework\web\CController.php(308): CInlineAction->runWithParams()
#9 C:\xampp\htdocs\yii\custom_blog\framework\web\filters\CFilterChain.php(134): CategoriesController->runAction()
#10 C:\xampp\htdocs\yii\custom_blog\framework\web\filters\CFilter.php(40): CFilterChain->run()
#11 C:\xampp\htdocs\yii\custom_blog\framework\web\CController.php(1148): CAccessControlFilter->filter()
#12 C:\xampp\htdocs\yii\custom_blog\framework\web\filters\CInlineFilter.php(58): CategoriesController->filterAccessControl()
#13 C:\xampp\htdocs\yii\custom_blog\framework\web\filters\CFilterChain.php(131): CInlineFilter->filter()
#14 C:\xampp\htdocs\yii\custom_blog\framework\web\CController.php(291): CFilterChain->run()
#15 C:\xampp\htdocs\yii\custom_blog\framework\web\CController.php(265): CategoriesController->runActionWithFilters()
#16 C:\xampp\htdocs\yii\custom_blog\framework\web\CWebApplication.php(282): CategoriesController->run()
#17 C:\xampp\htdocs\yii\custom_blog\framework\web\CWebApplication.php(141): CWebApplication->runController()
#18 C:\xampp\htdocs\yii\custom_blog\framework\base\CApplication.php(185): CWebApplication->processRequest()
#19 C:\xampp\htdocs\yii\custom_blog\index.php(13): CWebApplication->run()
REQUEST_URI=/yii/custom_blog/index.php/categories/13
in C:\xampp\htdocs\yii\custom_blog\protected\views\categories\view.php (30)
in C:\xampp\htdocs\yii\custom_blog\protected\controllers\CategoriesController.php (55)
in C:\xampp\htdocs\yii\custom_blog\index.php (13)
2021/12/09 20:03:46 [error] [php] htmlspecialchars() expects parameter 1 to be string, object given (C:\xampp\htdocs\yii\custom_blog\framework\web\helpers\CHtml.php:118)
Stack trace:
#0 C:\xampp\htdocs\yii\custom_blog\framework\web\helpers\CHtml.php(118): htmlspecialchars()
#1 C:\xampp\htdocs\yii\custom_blog\protected\views\categories\admin.php(53): encode()
#2 C:\xampp\htdocs\yii\custom_blog\framework\web\CBaseController.php(126): require()
#3 C:\xampp\htdocs\yii\custom_blog\framework\web\CBaseController.php(95): CategoriesController->renderInternal()
#4 C:\xampp\htdocs\yii\custom_blog\framework\web\CController.php(872): CategoriesController->renderFile()
#5 C:\xampp\htdocs\yii\custom_blog\framework\web\CController.php(785): CategoriesController->renderPartial()
#6 C:\xampp\htdocs\yii\custom_blog\protected\controllers\CategoriesController.php(150): CategoriesController->render()
#7 C:\xampp\htdocs\yii\custom_blog\framework\web\actions\CInlineAction.php(49): CategoriesController->actionAdmin()
#8 C:\xampp\htdocs\yii\custom_blog\framework\web\CController.php(308): CInlineAction->runWithParams()
#9 C:\xampp\htdocs\yii\custom_blog\framework\web\filters\CFilterChain.php(134): CategoriesController->runAction()
#10 C:\xampp\htdocs\yii\custom_blog\framework\web\filters\CFilter.php(40): CFilterChain->run()
#11 C:\xampp\htdocs\yii\custom_blog\framework\web\CController.php(1148): CAccessControlFilter->filter()
#12 C:\xampp\htdocs\yii\custom_blog\framework\web\filters\CInlineFilter.php(58): CategoriesController->filterAccessControl()
#13 C:\xampp\htdocs\yii\custom_blog\framework\web\filters\CFilterChain.php(131): CInlineFilter->filter()
#14 C:\xampp\htdocs\yii\custom_blog\framework\web\CController.php(291): CFilterChain->run()
#15 C:\xampp\htdocs\yii\custom_blog\framework\web\CController.php(265): CategoriesController->runActionWithFilters()
#16 C:\xampp\htdocs\yii\custom_blog\framework\web\CWebApplication.php(282): CategoriesController->run()
#17 C:\xampp\htdocs\yii\custom_blog\framework\web\CWebApplication.php(141): CWebApplication->runController()
#18 C:\xampp\htdocs\yii\custom_blog\framework\base\CApplication.php(185): CWebApplication->processRequest()
#19 C:\xampp\htdocs\yii\custom_blog\index.php(13): CWebApplication->run()
REQUEST_URI=/yii/custom_blog/index.php/categories/admin
in C:\xampp\htdocs\yii\custom_blog\protected\views\categories\admin.php (53)
in C:\xampp\htdocs\yii\custom_blog\protected\controllers\CategoriesController.php (150)
in C:\xampp\htdocs\yii\custom_blog\index.php (13)
2021/12/09 20:07:56 [error] [php] Undefined variable: data (C:\xampp\htdocs\yii\custom_blog\protected\views\categories\admin.php:53)
Stack trace:
#0 C:\xampp\htdocs\yii\custom_blog\framework\web\CBaseController.php(126): require()
#1 C:\xampp\htdocs\yii\custom_blog\framework\web\CBaseController.php(95): CategoriesController->renderInternal()
#2 C:\xampp\htdocs\yii\custom_blog\framework\web\CController.php(872): CategoriesController->renderFile()
#3 C:\xampp\htdocs\yii\custom_blog\framework\web\CController.php(785): CategoriesController->renderPartial()
#4 C:\xampp\htdocs\yii\custom_blog\protected\controllers\CategoriesController.php(150): CategoriesController->render()
#5 C:\xampp\htdocs\yii\custom_blog\framework\web\actions\CInlineAction.php(49): CategoriesController->actionAdmin()
#6 C:\xampp\htdocs\yii\custom_blog\framework\web\CController.php(308): CInlineAction->runWithParams()
#7 C:\xampp\htdocs\yii\custom_blog\framework\web\filters\CFilterChain.php(134): CategoriesController->runAction()
#8 C:\xampp\htdocs\yii\custom_blog\framework\web\filters\CFilter.php(40): CFilterChain->run()
#9 C:\xampp\htdocs\yii\custom_blog\framework\web\CController.php(1148): CAccessControlFilter->filter()
#10 C:\xampp\htdocs\yii\custom_blog\framework\web\filters\CInlineFilter.php(58): CategoriesController->filterAccessControl()
#11 C:\xampp\htdocs\yii\custom_blog\framework\web\filters\CFilterChain.php(131): CInlineFilter->filter()
#12 C:\xampp\htdocs\yii\custom_blog\framework\web\CController.php(291): CFilterChain->run()
#13 C:\xampp\htdocs\yii\custom_blog\framework\web\CController.php(265): CategoriesController->runActionWithFilters()
#14 C:\xampp\htdocs\yii\custom_blog\framework\web\CWebApplication.php(282): CategoriesController->run()
#15 C:\xampp\htdocs\yii\custom_blog\framework\web\CWebApplication.php(141): CWebApplication->runController()
#16 C:\xampp\htdocs\yii\custom_blog\framework\base\CApplication.php(185): CWebApplication->processRequest()
#17 C:\xampp\htdocs\yii\custom_blog\index.php(13): CWebApplication->run()
REQUEST_URI=/yii/custom_blog/index.php/categories/admin
in C:\xampp\htdocs\yii\custom_blog\protected\views\categories\admin.php (53)
in C:\xampp\htdocs\yii\custom_blog\protected\controllers\CategoriesController.php (150)
in C:\xampp\htdocs\yii\custom_blog\index.php (13)
2021/12/09 20:12:17 [error] [php] Use of undefined constant yii - assumed 'yii' (this will throw an Error in a future version of PHP) (C:\xampp\htdocs\yii\custom_blog\framework\base\CComponent.php(614) : eval()'d code:1)
Stack trace:
#0 C:\xampp\htdocs\yii\custom_blog\framework\base\CComponent.php(614): eval()
#1 C:\xampp\htdocs\yii\custom_blog\framework\zii\widgets\grid\CDataColumn.php(148): CDataColumn->evaluateExpression()
#2 C:\xampp\htdocs\yii\custom_blog\framework\zii\widgets\grid\CGridColumn.php(237): CDataColumn->getDataCellContent()
#3 C:\xampp\htdocs\yii\custom_blog\framework\zii\widgets\grid\CGridColumn.php(160): CDataColumn->renderDataCellContent()
#4 C:\xampp\htdocs\yii\custom_blog\framework\zii\widgets\grid\CGridView.php(655): CDataColumn->renderDataCell()
#5 C:\xampp\htdocs\yii\custom_blog\framework\zii\widgets\grid\CGridView.php(639): CGridView->renderDataCell()
#6 C:\xampp\htdocs\yii\custom_blog\framework\zii\widgets\grid\CGridView.php(595): CGridView->renderTableRow()
#7 C:\xampp\htdocs\yii\custom_blog\framework\zii\widgets\grid\CGridView.php(505): CGridView->renderTableBody()
#8 C:\xampp\htdocs\yii\custom_blog\framework\zii\widgets\CBaseListView.php(181): CGridView->renderItems()
#9 unknown(0): CGridView->renderSection()
#10 C:\xampp\htdocs\yii\custom_blog\framework\zii\widgets\CBaseListView.php(164): preg_replace_callback()
#11 C:\xampp\htdocs\yii\custom_blog\framework\zii\widgets\CBaseListView.php(149): CGridView->renderContent()
#12 C:\xampp\htdocs\yii\custom_blog\framework\web\CBaseController.php(182): CGridView->run()
#13 C:\xampp\htdocs\yii\custom_blog\protected\views\categories\admin.php(44): CategoriesController->widget()
#14 C:\xampp\htdocs\yii\custom_blog\framework\web\CBaseController.php(126): require()
#15 C:\xampp\htdocs\yii\custom_blog\framework\web\CBaseController.php(95): CategoriesController->renderInternal()
#16 C:\xampp\htdocs\yii\custom_blog\framework\web\CController.php(872): CategoriesController->renderFile()
#17 C:\xampp\htdocs\yii\custom_blog\framework\web\CController.php(785): CategoriesController->renderPartial()
#18 C:\xampp\htdocs\yii\custom_blog\protected\controllers\CategoriesController.php(150): CategoriesController->render()
#19 C:\xampp\htdocs\yii\custom_blog\framework\web\actions\CInlineAction.php(49): CategoriesController->actionAdmin()
#20 C:\xampp\htdocs\yii\custom_blog\framework\web\CController.php(308): CInlineAction->runWithParams()
#21 C:\xampp\htdocs\yii\custom_blog\framework\web\filters\CFilterChain.php(134): CategoriesController->runAction()
#22 C:\xampp\htdocs\yii\custom_blog\framework\web\filters\CFilter.php(40): CFilterChain->run()
#23 C:\xampp\htdocs\yii\custom_blog\framework\web\CController.php(1148): CAccessControlFilter->filter()
#24 C:\xampp\htdocs\yii\custom_blog\framework\web\filters\CInlineFilter.php(58): CategoriesController->filterAccessControl()
#25 C:\xampp\htdocs\yii\custom_blog\framework\web\filters\CFilterChain.php(131): CInlineFilter->filter()
#26 C:\xampp\htdocs\yii\custom_blog\framework\web\CController.php(291): CFilterChain->run()
#27 C:\xampp\htdocs\yii\custom_blog\framework\web\CController.php(265): CategoriesController->runActionWithFilters()
#28 C:\xampp\htdocs\yii\custom_blog\framework\web\CWebApplication.php(282): CategoriesController->run()
#29 C:\xampp\htdocs\yii\custom_blog\framework\web\CWebApplication.php(141): CWebApplication->runController()
#30 C:\xampp\htdocs\yii\custom_blog\framework\base\CApplication.php(185): CWebApplication->processRequest()
#31 C:\xampp\htdocs\yii\custom_blog\index.php(13): CWebApplication->run()
REQUEST_URI=/yii/custom_blog/index.php/categories/admin
in C:\xampp\htdocs\yii\custom_blog\protected\views\categories\admin.php (44)
in C:\xampp\htdocs\yii\custom_blog\protected\controllers\CategoriesController.php (150)
in C:\xampp\htdocs\yii\custom_blog\index.php (13)
2021/12/09 20:12:30 [error] [php] Use of undefined constant yii - assumed 'yii' (this will throw an Error in a future version of PHP) (C:\xampp\htdocs\yii\custom_blog\framework\base\CComponent.php(614) : eval()'d code:1)
Stack trace:
#0 C:\xampp\htdocs\yii\custom_blog\framework\base\CComponent.php(614): eval()
#1 C:\xampp\htdocs\yii\custom_blog\framework\zii\widgets\grid\CDataColumn.php(148): CDataColumn->evaluateExpression()
#2 C:\xampp\htdocs\yii\custom_blog\framework\zii\widgets\grid\CGridColumn.php(237): CDataColumn->getDataCellContent()
#3 C:\xampp\htdocs\yii\custom_blog\framework\zii\widgets\grid\CGridColumn.php(160): CDataColumn->renderDataCellContent()
#4 C:\xampp\htdocs\yii\custom_blog\framework\zii\widgets\grid\CGridView.php(655): CDataColumn->renderDataCell()
#5 C:\xampp\htdocs\yii\custom_blog\framework\zii\widgets\grid\CGridView.php(639): CGridView->renderDataCell()
#6 C:\xampp\htdocs\yii\custom_blog\framework\zii\widgets\grid\CGridView.php(595): CGridView->renderTableRow()
#7 C:\xampp\htdocs\yii\custom_blog\framework\zii\widgets\grid\CGridView.php(505): CGridView->renderTableBody()
#8 C:\xampp\htdocs\yii\custom_blog\framework\zii\widgets\CBaseListView.php(181): CGridView->renderItems()
#9 unknown(0): CGridView->renderSection()
#10 C:\xampp\htdocs\yii\custom_blog\framework\zii\widgets\CBaseListView.php(164): preg_replace_callback()
#11 C:\xampp\htdocs\yii\custom_blog\framework\zii\widgets\CBaseListView.php(149): CGridView->renderContent()
#12 C:\xampp\htdocs\yii\custom_blog\framework\web\CBaseController.php(182): CGridView->run()
#13 C:\xampp\htdocs\yii\custom_blog\protected\views\categories\admin.php(44): CategoriesController->widget()
#14 C:\xampp\htdocs\yii\custom_blog\framework\web\CBaseController.php(126): require()
#15 C:\xampp\htdocs\yii\custom_blog\framework\web\CBaseController.php(95): CategoriesController->renderInternal()
#16 C:\xampp\htdocs\yii\custom_blog\framework\web\CController.php(872): CategoriesController->renderFile()
#17 C:\xampp\htdocs\yii\custom_blog\framework\web\CController.php(785): CategoriesController->renderPartial()
#18 C:\xampp\htdocs\yii\custom_blog\protected\controllers\CategoriesController.php(150): CategoriesController->render()
#19 C:\xampp\htdocs\yii\custom_blog\framework\web\actions\CInlineAction.php(49): CategoriesController->actionAdmin()
#20 C:\xampp\htdocs\yii\custom_blog\framework\web\CController.php(308): CInlineAction->runWithParams()
#21 C:\xampp\htdocs\yii\custom_blog\framework\web\filters\CFilterChain.php(134): CategoriesController->runAction()
#22 C:\xampp\htdocs\yii\custom_blog\framework\web\filters\CFilter.php(40): CFilterChain->run()
#23 C:\xampp\htdocs\yii\custom_blog\framework\web\CController.php(1148): CAccessControlFilter->filter()
#24 C:\xampp\htdocs\yii\custom_blog\framework\web\filters\CInlineFilter.php(58): CategoriesController->filterAccessControl()
#25 C:\xampp\htdocs\yii\custom_blog\framework\web\filters\CFilterChain.php(131): CInlineFilter->filter()
#26 C:\xampp\htdocs\yii\custom_blog\framework\web\CController.php(291): CFilterChain->run()
#27 C:\xampp\htdocs\yii\custom_blog\framework\web\CController.php(265): CategoriesController->runActionWithFilters()
#28 C:\xampp\htdocs\yii\custom_blog\framework\web\CWebApplication.php(282): CategoriesController->run()
#29 C:\xampp\htdocs\yii\custom_blog\framework\web\CWebApplication.php(141): CWebApplication->runController()
#30 C:\xampp\htdocs\yii\custom_blog\framework\base\CApplication.php(185): CWebApplication->processRequest()
#31 C:\xampp\htdocs\yii\custom_blog\index.php(13): CWebApplication->run()
REQUEST_URI=/yii/custom_blog/index.php/categories/admin
in C:\xampp\htdocs\yii\custom_blog\protected\views\categories\admin.php (44)
in C:\xampp\htdocs\yii\custom_blog\protected\controllers\CategoriesController.php (150)
in C:\xampp\htdocs\yii\custom_blog\index.php (13)
2021/12/09 20:21:26 [error] [php] Use of undefined constant abc - assumed 'abc' (this will throw an Error in a future version of PHP) (C:\xampp\htdocs\yii\custom_blog\framework\base\CComponent.php(614) : eval()'d code:1)
Stack trace:
#0 C:\xampp\htdocs\yii\custom_blog\framework\base\CComponent.php(614): eval()
#1 C:\xampp\htdocs\yii\custom_blog\framework\zii\widgets\grid\CDataColumn.php(148): CDataColumn->evaluateExpression()
#2 C:\xampp\htdocs\yii\custom_blog\framework\zii\widgets\grid\CGridColumn.php(237): CDataColumn->getDataCellContent()
#3 C:\xampp\htdocs\yii\custom_blog\framework\zii\widgets\grid\CGridColumn.php(160): CDataColumn->renderDataCellContent()
#4 C:\xampp\htdocs\yii\custom_blog\framework\zii\widgets\grid\CGridView.php(655): CDataColumn->renderDataCell()
#5 C:\xampp\htdocs\yii\custom_blog\framework\zii\widgets\grid\CGridView.php(639): CGridView->renderDataCell()
#6 C:\xampp\htdocs\yii\custom_blog\framework\zii\widgets\grid\CGridView.php(595): CGridView->renderTableRow()
#7 C:\xampp\htdocs\yii\custom_blog\framework\zii\widgets\grid\CGridView.php(505): CGridView->renderTableBody()
#8 C:\xampp\htdocs\yii\custom_blog\framework\zii\widgets\CBaseListView.php(181): CGridView->renderItems()
#9 unknown(0): CGridView->renderSection()
#10 C:\xampp\htdocs\yii\custom_blog\framework\zii\widgets\CBaseListView.php(164): preg_replace_callback()
#11 C:\xampp\htdocs\yii\custom_blog\framework\zii\widgets\CBaseListView.php(149): CGridView->renderContent()
#12 C:\xampp\htdocs\yii\custom_blog\framework\web\CBaseController.php(182): CGridView->run()
#13 C:\xampp\htdocs\yii\custom_blog\protected\views\categories\admin.php(44): CategoriesController->widget()
#14 C:\xampp\htdocs\yii\custom_blog\framework\web\CBaseController.php(126): require()
#15 C:\xampp\htdocs\yii\custom_blog\framework\web\CBaseController.php(95): CategoriesController->renderInternal()
#16 C:\xampp\htdocs\yii\custom_blog\framework\web\CController.php(872): CategoriesController->renderFile()
#17 C:\xampp\htdocs\yii\custom_blog\framework\web\CController.php(785): CategoriesController->renderPartial()
#18 C:\xampp\htdocs\yii\custom_blog\protected\controllers\CategoriesController.php(150): CategoriesController->render()
#19 C:\xampp\htdocs\yii\custom_blog\framework\web\actions\CInlineAction.php(49): CategoriesController->actionAdmin()
#20 C:\xampp\htdocs\yii\custom_blog\framework\web\CController.php(308): CInlineAction->runWithParams()
#21 C:\xampp\htdocs\yii\custom_blog\framework\web\filters\CFilterChain.php(134): CategoriesController->runAction()
#22 C:\xampp\htdocs\yii\custom_blog\framework\web\filters\CFilter.php(40): CFilterChain->run()
#23 C:\xampp\htdocs\yii\custom_blog\framework\web\CController.php(1148): CAccessControlFilter->filter()
#24 C:\xampp\htdocs\yii\custom_blog\framework\web\filters\CInlineFilter.php(58): CategoriesController->filterAccessControl()
#25 C:\xampp\htdocs\yii\custom_blog\framework\web\filters\CFilterChain.php(131): CInlineFilter->filter()
#26 C:\xampp\htdocs\yii\custom_blog\framework\web\CController.php(291): CFilterChain->run()
#27 C:\xampp\htdocs\yii\custom_blog\framework\web\CController.php(265): CategoriesController->runActionWithFilters()
#28 C:\xampp\htdocs\yii\custom_blog\framework\web\CWebApplication.php(282): CategoriesController->run()
#29 C:\xampp\htdocs\yii\custom_blog\framework\web\CWebApplication.php(141): CWebApplication->runController()
#30 C:\xampp\htdocs\yii\custom_blog\framework\base\CApplication.php(185): CWebApplication->processRequest()
#31 C:\xampp\htdocs\yii\custom_blog\index.php(13): CWebApplication->run()
REQUEST_URI=/yii/custom_blog/index.php/categories/admin
in C:\xampp\htdocs\yii\custom_blog\protected\views\categories\admin.php (44)
in C:\xampp\htdocs\yii\custom_blog\protected\controllers\CategoriesController.php (150)
in C:\xampp\htdocs\yii\custom_blog\index.php (13)
2021/12/09 20:33:46 [error] [exception.CException] CException: Property "CDataColumn.format" is not defined. in C:\xampp\htdocs\yii\custom_blog\framework\base\CComponent.php:173
Stack trace:
#0 C:\xampp\htdocs\yii\custom_blog\framework\YiiBase.php(227): CComponent->__set('format', 'raw')
#1 C:\xampp\htdocs\yii\custom_blog\framework\zii\widgets\grid\CGridView.php(404): YiiBase::createComponent(Array, Object(CGridView))
#2 C:\xampp\htdocs\yii\custom_blog\framework\zii\widgets\grid\CGridView.php(375): CGridView->initColumns()
#3 C:\xampp\htdocs\yii\custom_blog\framework\web\CBaseController.php(147): CGridView->init()
#4 C:\xampp\htdocs\yii\custom_blog\framework\web\CBaseController.php(181): CBaseController->createWidget('zii.widgets.gri...', Array)
#5 C:\xampp\htdocs\yii\custom_blog\protected\views\categories\admin.php(49): CBaseController->widget('zii.widgets.gri...', Array)
#6 C:\xampp\htdocs\yii\custom_blog\framework\web\CBaseController.php(126): require('C:\\xampp\\htdocs...')
#7 C:\xampp\htdocs\yii\custom_blog\framework\web\CBaseController.php(95): CBaseController->renderInternal('C:\\xampp\\htdocs...', Array, true)
#8 C:\xampp\htdocs\yii\custom_blog\framework\web\CController.php(872): CBaseController->renderFile('C:\\xampp\\htdocs...', Array, true)
#9 C:\xampp\htdocs\yii\custom_blog\framework\web\CController.php(785): CController->renderPartial('admin', Array, true)
#10 C:\xampp\htdocs\yii\custom_blog\protected\controllers\CategoriesController.php(150): CController->render('admin', Array)
#11 C:\xampp\htdocs\yii\custom_blog\framework\web\actions\CInlineAction.php(49): CategoriesController->actionAdmin()
#12 C:\xampp\htdocs\yii\custom_blog\framework\web\CController.php(308): CInlineAction->runWithParams(Array)
#13 C:\xampp\htdocs\yii\custom_blog\framework\web\filters\CFilterChain.php(134): CController->runAction(Object(CInlineAction))
#14 C:\xampp\htdocs\yii\custom_blog\framework\web\filters\CFilter.php(40): CFilterChain->run()
#15 C:\xampp\htdocs\yii\custom_blog\framework\web\CController.php(1148): CFilter->filter(Object(CFilterChain))
#16 C:\xampp\htdocs\yii\custom_blog\framework\web\filters\CInlineFilter.php(58): CController->filterAccessControl(Object(CFilterChain))
#17 C:\xampp\htdocs\yii\custom_blog\framework\web\filters\CFilterChain.php(131): CInlineFilter->filter(Object(CFilterChain))
#18 C:\xampp\htdocs\yii\custom_blog\framework\web\CController.php(291): CFilterChain->run()
#19 C:\xampp\htdocs\yii\custom_blog\framework\web\CController.php(265): CController->runActionWithFilters(Object(CInlineAction), Array)
#20 C:\xampp\htdocs\yii\custom_blog\framework\web\CWebApplication.php(282): CController->run('admin')
#21 C:\xampp\htdocs\yii\custom_blog\framework\web\CWebApplication.php(141): CWebApplication->runController('categories/admi...')
#22 C:\xampp\htdocs\yii\custom_blog\framework\base\CApplication.php(185): CWebApplication->processRequest()
#23 C:\xampp\htdocs\yii\custom_blog\index.php(13): CApplication->run()
#24 {main}
REQUEST_URI=/yii/custom_blog/index.php/categories/admin
---
2021/12/09 20:37:34 [error] [php] htmlspecialchars() expects parameter 1 to be string, array given (C:\xampp\htdocs\yii\custom_blog\framework\web\helpers\CHtml.php:118)
Stack trace:
#0 C:\xampp\htdocs\yii\custom_blog\framework\web\helpers\CHtml.php(118): htmlspecialchars()
#1 C:\xampp\htdocs\yii\custom_blog\framework\web\helpers\CHtml.php(2869): encode()
#2 C:\xampp\htdocs\yii\custom_blog\framework\web\helpers\CHtml.php(173): renderAttributes()
#3 C:\xampp\htdocs\yii\custom_blog\framework\web\helpers\CHtml.php(471): tag()
#4 C:\xampp\htdocs\yii\custom_blog\protected\views\categories\admin.php(63): image()
#5 C:\xampp\htdocs\yii\custom_blog\framework\base\CComponent.php(624): CategoriesController->{closure}()
#6 C:\xampp\htdocs\yii\custom_blog\framework\zii\widgets\grid\CDataColumn.php(148): CDataColumn->evaluateExpression()
#7 C:\xampp\htdocs\yii\custom_blog\framework\zii\widgets\grid\CGridColumn.php(237): CDataColumn->getDataCellContent()
#8 C:\xampp\htdocs\yii\custom_blog\framework\zii\widgets\grid\CGridColumn.php(160): CDataColumn->renderDataCellContent()
#9 C:\xampp\htdocs\yii\custom_blog\framework\zii\widgets\grid\CGridView.php(655): CDataColumn->renderDataCell()
#10 C:\xampp\htdocs\yii\custom_blog\framework\zii\widgets\grid\CGridView.php(639): CGridView->renderDataCell()
#11 C:\xampp\htdocs\yii\custom_blog\framework\zii\widgets\grid\CGridView.php(595): CGridView->renderTableRow()
#12 C:\xampp\htdocs\yii\custom_blog\framework\zii\widgets\grid\CGridView.php(505): CGridView->renderTableBody()
#13 C:\xampp\htdocs\yii\custom_blog\framework\zii\widgets\CBaseListView.php(181): CGridView->renderItems()
#14 unknown(0): CGridView->renderSection()
#15 C:\xampp\htdocs\yii\custom_blog\framework\zii\widgets\CBaseListView.php(164): preg_replace_callback()
#16 C:\xampp\htdocs\yii\custom_blog\framework\zii\widgets\CBaseListView.php(149): CGridView->renderContent()
#17 C:\xampp\htdocs\yii\custom_blog\framework\web\CBaseController.php(182): CGridView->run()
#18 C:\xampp\htdocs\yii\custom_blog\protected\views\categories\admin.php(49): CategoriesController->widget()
#19 C:\xampp\htdocs\yii\custom_blog\framework\web\CBaseController.php(126): require()
#20 C:\xampp\htdocs\yii\custom_blog\framework\web\CBaseController.php(95): CategoriesController->renderInternal()
#21 C:\xampp\htdocs\yii\custom_blog\framework\web\CController.php(872): CategoriesController->renderFile()
#22 C:\xampp\htdocs\yii\custom_blog\framework\web\CController.php(785): CategoriesController->renderPartial()
#23 C:\xampp\htdocs\yii\custom_blog\protected\controllers\CategoriesController.php(150): CategoriesController->render()
#24 C:\xampp\htdocs\yii\custom_blog\framework\web\actions\CInlineAction.php(49): CategoriesController->actionAdmin()
#25 C:\xampp\htdocs\yii\custom_blog\framework\web\CController.php(308): CInlineAction->runWithParams()
#26 C:\xampp\htdocs\yii\custom_blog\framework\web\filters\CFilterChain.php(134): CategoriesController->runAction()
#27 C:\xampp\htdocs\yii\custom_blog\framework\web\filters\CFilter.php(40): CFilterChain->run()
#28 C:\xampp\htdocs\yii\custom_blog\framework\web\CController.php(1148): CAccessControlFilter->filter()
#29 C:\xampp\htdocs\yii\custom_blog\framework\web\filters\CInlineFilter.php(58): CategoriesController->filterAccessControl()
#30 C:\xampp\htdocs\yii\custom_blog\framework\web\filters\CFilterChain.php(131): CInlineFilter->filter()
#31 C:\xampp\htdocs\yii\custom_blog\framework\web\CController.php(291): CFilterChain->run()
#32 C:\xampp\htdocs\yii\custom_blog\framework\web\CController.php(265): CategoriesController->runActionWithFilters()
#33 C:\xampp\htdocs\yii\custom_blog\framework\web\CWebApplication.php(282): CategoriesController->run()
#34 C:\xampp\htdocs\yii\custom_blog\framework\web\CWebApplication.php(141): CWebApplication->runController()
#35 C:\xampp\htdocs\yii\custom_blog\framework\base\CApplication.php(185): CWebApplication->processRequest()
#36 C:\xampp\htdocs\yii\custom_blog\index.php(13): CWebApplication->run()
REQUEST_URI=/yii/custom_blog/index.php/categories/admin
in C:\xampp\htdocs\yii\custom_blog\protected\views\categories\admin.php (63)
in C:\xampp\htdocs\yii\custom_blog\protected\views\categories\admin.php (49)
in C:\xampp\htdocs\yii\custom_blog\protected\controllers\CategoriesController.php (150)
2021/12/09 20:38:19 [error] [exception.ParseError] ParseError: syntax error, unexpected ',', expecting ';' in C:\xampp\htdocs\yii\custom_blog\protected\views\categories\admin.php:60
Stack trace:
#0 C:\xampp\htdocs\yii\custom_blog\framework\web\CBaseController.php(95): CBaseController->renderInternal('C:\\xampp\\htdocs...', Array, true)
#1 C:\xampp\htdocs\yii\custom_blog\framework\web\CController.php(872): CBaseController->renderFile('C:\\xampp\\htdocs...', Array, true)
#2 C:\xampp\htdocs\yii\custom_blog\framework\web\CController.php(785): CController->renderPartial('admin', Array, true)
#3 C:\xampp\htdocs\yii\custom_blog\protected\controllers\CategoriesController.php(150): CController->render('admin', Array)
#4 C:\xampp\htdocs\yii\custom_blog\framework\web\actions\CInlineAction.php(49): CategoriesController->actionAdmin()
#5 C:\xampp\htdocs\yii\custom_blog\framework\web\CController.php(308): CInlineAction->runWithParams(Array)
#6 C:\xampp\htdocs\yii\custom_blog\framework\web\filters\CFilterChain.php(134): CController->runAction(Object(CInlineAction))
#7 C:\xampp\htdocs\yii\custom_blog\framework\web\filters\CFilter.php(40): CFilterChain->run()
#8 C:\xampp\htdocs\yii\custom_blog\framework\web\CController.php(1148): CFilter->filter(Object(CFilterChain))
#9 C:\xampp\htdocs\yii\custom_blog\framework\web\filters\CInlineFilter.php(58): CController->filterAccessControl(Object(CFilterChain))
#10 C:\xampp\htdocs\yii\custom_blog\framework\web\filters\CFilterChain.php(131): CInlineFilter->filter(Object(CFilterChain))
#11 C:\xampp\htdocs\yii\custom_blog\framework\web\CController.php(291): CFilterChain->run()
#12 C:\xampp\htdocs\yii\custom_blog\framework\web\CController.php(265): CController->runActionWithFilters(Object(CInlineAction), Array)
#13 C:\xampp\htdocs\yii\custom_blog\framework\web\CWebApplication.php(282): CController->run('admin')
#14 C:\xampp\htdocs\yii\custom_blog\framework\web\CWebApplication.php(141): CWebApplication->runController('categories/admi...')
#15 C:\xampp\htdocs\yii\custom_blog\framework\base\CApplication.php(185): CWebApplication->processRequest()
#16 C:\xampp\htdocs\yii\custom_blog\index.php(13): CApplication->run()
#17 {main}
REQUEST_URI=/yii/custom_blog/index.php/categories/admin
---
2021/12/09 20:42:11 [warning] [application] Failed to set unsafe attribute "banner" of "Categories".
in C:\xampp\htdocs\yii\custom_blog\protected\controllers\CategoriesController.php (104)
in C:\xampp\htdocs\yii\custom_blog\index.php (13)
2021/12/09 20:44:04 [warning] [application] Failed to set unsafe attribute "banner" of "Categories".
in C:\xampp\htdocs\yii\custom_blog\protected\controllers\CategoriesController.php (102)
in C:\xampp\htdocs\yii\custom_blog\index.php (13)
